Watching for file changes with StatReloader
C:\Users\fredd\OneDrive\Desktop\Notary-AI\notaryai\apps\workflows\forms.py changed, reloading.
Watching for file changes with StatReloader
C:\Users\fredd\OneDrive\Desktop\Notary-AI\notaryai\apps\workflows\forms.py changed, reloading.
Watching for file changes with StatReloader
C:\Users\fredd\OneDrive\Desktop\Notary-AI\notaryai\apps\workflows\forms.py changed, reloading.
Watching for file changes with StatReloader
C:\Users\fredd\OneDrive\Desktop\Notary-AI\notaryai\apps\workflows\views.py changed, reloading.
Watching for file changes with StatReloader
C:\Users\fredd\OneDrive\Desktop\Notary-AI\notaryai\apps\workflows\views.py changed, reloading.
Watching for file changes with StatReloader
C:\Users\fredd\OneDrive\Desktop\Notary-AI\notaryai\apps\workflows\views.py changed, reloading.
Watching for file changes with StatReloader
Entering matter_create_view
Rendering GET request for matter creation form
Not Found: /.well-known/appspecific/com.chrome.devtools.json
Entering matter_create_view
Rendering GET request for matter creation form
Not Found: /.well-known/appspecific/com.chrome.devtools.json
Entering matter_create_view
Rendering GET request for matter creation form
Not Found: /.well-known/appspecific/com.chrome.devtools.json
C:\Users\fredd\OneDrive\Desktop\Notary-AI\notaryai\apps\workflows\forms.py changed, reloading.
Watching for file changes with StatReloader
Entering matter_create_view
Rendering GET request for matter creation form
Not Found: /.well-known/appspecific/com.chrome.devtools.json
C:\Users\fredd\OneDrive\Desktop\Notary-AI\notaryai\apps\workflows\forms.py changed, reloading.
Watching for file changes with StatReloader
Watching for file changes with StatReloader
C:\Users\fredd\OneDrive\Desktop\Notary-AI\notaryai\apps\workflows\models.py changed, reloading.
Watching for file changes with StatReloader
Watching for file changes with StatReloader
Entering matter_create_view
Rendering GET request for matter creation form
Not Found: /.well-known/appspecific/com.chrome.devtools.json
Entering matter_create_view
Received POST request: <QueryDict: {'csrfmiddlewaretoken': ['GbmOBTY1PSCxDr7z81lrf5a8RaFPnmg3Y3WnlVXdOfS2HdZpvfCgGTS0R0N5baNo'], 'protocol_number': ['12345678'], 'title': ['Test'], 'description': ['Test'], 'status': ['open'], 'due_date': ['2025-06-06'], 'completion_date': ['2025-05-30'], 'notes': ['Test']}>
Form is valid
Matter 12345678 created by user Murigijr
Internal Server Error: /workflows/matters/1/
Traceback (most recent call last):
  File "C:\Users\fredd\OneDrive\Desktop\Notary-AI\notaryai\venv\Lib\site-packages\django\template\base.py", line 823, in __init__
    self.literal = float(var)
                   ~~~~~^^^^^
ValueError: could not convert string to float: 'client.__str__'

During handling of the above exception, another exception occurred:

Traceback (most recent call last):
  File "C:\Users\fredd\OneDrive\Desktop\Notary-AI\notaryai\venv\Lib\site-packages\django\template\base.py", line 839, in __init__
    self.literal = mark_safe(unescape_string_literal(var))
                             ~~~~~~~~~~~~~~~~~~~~~~~^^^^^
  File "C:\Users\fredd\OneDrive\Desktop\Notary-AI\notaryai\venv\Lib\site-packages\django\utils\functional.py", line 231, in wrapper
    return func(*args, **kwargs)
  File "C:\Users\fredd\OneDrive\Desktop\Notary-AI\notaryai\venv\Lib\site-packages\django\utils\text.py", line 438, in unescape_string_literal
    raise ValueError("Not a string literal: %r" % s)
ValueError: Not a string literal: 'client.__str__'

During handling of the above exception, another exception occurred:

Traceback (most recent call last):
  File "C:\Users\fredd\OneDrive\Desktop\Notary-AI\notaryai\venv\Lib\site-packages\django\core\handlers\exception.py", line 55, in inner
    response = get_response(request)
  File "C:\Users\fredd\OneDrive\Desktop\Notary-AI\notaryai\venv\Lib\site-packages\django\core\handlers\base.py", line 197, in _get_response
    response = wrapped_callback(request, *callback_args, **callback_kwargs)
  File "C:\Users\fredd\OneDrive\Desktop\Notary-AI\notaryai\venv\Lib\site-packages\django\contrib\auth\decorators.py", line 59, in _view_wrapper
    return view_func(request, *args, **kwargs)
  File "C:\Users\fredd\OneDrive\Desktop\Notary-AI\notaryai\apps\workflows\views.py", line 134, in matter_detail_view
    return render(request, 'workflows/matter_detail.html', context)
  File "C:\Users\fredd\OneDrive\Desktop\Notary-AI\notaryai\venv\Lib\site-packages\django\shortcuts.py", line 25, in render
    content = loader.render_to_string(template_name, context, request, using=using)
  File "C:\Users\fredd\OneDrive\Desktop\Notary-AI\notaryai\venv\Lib\site-packages\django\template\loader.py", line 61, in render_to_string
    template = get_template(template_name, using=using)
  File "C:\Users\fredd\OneDrive\Desktop\Notary-AI\notaryai\venv\Lib\site-packages\django\template\loader.py", line 15, in get_template
    return engine.get_template(template_name)
           ~~~~~~~~~~~~~~~~~~~^^^^^^^^^^^^^^^
  File "C:\Users\fredd\OneDrive\Desktop\Notary-AI\notaryai\venv\Lib\site-packages\django\template\backends\django.py", line 79, in get_template
    return Template(self.engine.get_template(template_name), self)
                    ~~~~~~~~~~~~~~~~~~~~~~~~^^^^^^^^^^^^^^^
  File "C:\Users\fredd\OneDrive\Desktop\Notary-AI\notaryai\venv\Lib\site-packages\django\template\engine.py", line 177, in get_template
    template, origin = self.find_template(template_name)
                       ~~~~~~~~~~~~~~~~~~^^^^^^^^^^^^^^^
  File "C:\Users\fredd\OneDrive\Desktop\Notary-AI\notaryai\venv\Lib\site-packages\django\template\engine.py", line 159, in find_template
    template = loader.get_template(name, skip=skip)
  File "C:\Users\fredd\OneDrive\Desktop\Notary-AI\notaryai\venv\Lib\site-packages\django\template\loaders\cached.py", line 57, in get_template
    template = super().get_template(template_name, skip)
  File "C:\Users\fredd\OneDrive\Desktop\Notary-AI\notaryai\venv\Lib\site-packages\django\template\loaders\base.py", line 28, in get_template
    return Template(
        contents,
    ...<2 lines>...
        self.engine,
    )
  File "C:\Users\fredd\OneDrive\Desktop\Notary-AI\notaryai\venv\Lib\site-packages\django\template\base.py", line 154, in __init__
    self.nodelist = self.compile_nodelist()
                    ~~~~~~~~~~~~~~~~~~~~~^^
  File "C:\Users\fredd\OneDrive\Desktop\Notary-AI\notaryai\venv\Lib\site-packages\django\template\base.py", line 196, in compile_nodelist
    nodelist = parser.parse()
  File "C:\Users\fredd\OneDrive\Desktop\Notary-AI\notaryai\venv\Lib\site-packages\django\template\base.py", line 518, in parse
    raise self.error(token, e)
  File "C:\Users\fredd\OneDrive\Desktop\Notary-AI\notaryai\venv\Lib\site-packages\django\template\base.py", line 516, in parse
    compiled_result = compile_func(self, token)
  File "C:\Users\fredd\OneDrive\Desktop\Notary-AI\notaryai\venv\Lib\site-packages\django\template\loader_tags.py", line 299, in do_extends
    nodelist = parser.parse()
  File "C:\Users\fredd\OneDrive\Desktop\Notary-AI\notaryai\venv\Lib\site-packages\django\template\base.py", line 518, in parse
    raise self.error(token, e)
  File "C:\Users\fredd\OneDrive\Desktop\Notary-AI\notaryai\venv\Lib\site-packages\django\template\base.py", line 516, in parse
    compiled_result = compile_func(self, token)
  File "C:\Users\fredd\OneDrive\Desktop\Notary-AI\notaryai\venv\Lib\site-packages\django\template\loader_tags.py", line 234, in do_block
    nodelist = parser.parse(("endblock",))
  File "C:\Users\fredd\OneDrive\Desktop\Notary-AI\notaryai\venv\Lib\site-packages\django\template\base.py", line 518, in parse
    raise self.error(token, e)
  File "C:\Users\fredd\OneDrive\Desktop\Notary-AI\notaryai\venv\Lib\site-packages\django\template\base.py", line 516, in parse
    compiled_result = compile_func(self, token)
  File "C:\Users\fredd\OneDrive\Desktop\Notary-AI\notaryai\venv\Lib\site-packages\django\template\defaulttags.py", line 962, in do_if
    nodelist = parser.parse(("elif", "else", "endif"))
  File "C:\Users\fredd\OneDrive\Desktop\Notary-AI\notaryai\venv\Lib\site-packages\django\template\base.py", line 518, in parse
    raise self.error(token, e)
  File "C:\Users\fredd\OneDrive\Desktop\Notary-AI\notaryai\venv\Lib\site-packages\django\template\base.py", line 516, in parse
    compiled_result = compile_func(self, token)
  File "C:\Users\fredd\OneDrive\Desktop\Notary-AI\notaryai\venv\Lib\site-packages\django\template\defaulttags.py", line 862, in do_for
    nodelist_loop = parser.parse(
        (
    ...<2 lines>...
        )
    )
  File "C:\Users\fredd\OneDrive\Desktop\Notary-AI\notaryai\venv\Lib\site-packages\django\template\base.py", line 489, in parse
    raise self.error(token, e)
  File "C:\Users\fredd\OneDrive\Desktop\Notary-AI\notaryai\venv\Lib\site-packages\django\template\base.py", line 487, in parse
    filter_expression = self.compile_filter(token.contents)
  File "C:\Users\fredd\OneDrive\Desktop\Notary-AI\notaryai\venv\Lib\site-packages\django\template\base.py", line 609, in compile_filter
    return FilterExpression(token, self)
  File "C:\Users\fredd\OneDrive\Desktop\Notary-AI\notaryai\venv\Lib\site-packages\django\template\base.py", line 697, in __init__
    var_obj = Variable(var)
  File "C:\Users\fredd\OneDrive\Desktop\Notary-AI\notaryai\venv\Lib\site-packages\django\template\base.py", line 844, in __init__
    raise TemplateSyntaxError(
    ...<2 lines>...
    )
django.template.exceptions.TemplateSyntaxError: Variables and attributes may not begin with underscores: 'client.__str__'
Not Found: /.well-known/appspecific/com.chrome.devtools.json
Internal Server Error: /workflows/matters/1/
Traceback (most recent call last):
  File "C:\Users\fredd\OneDrive\Desktop\Notary-AI\notaryai\venv\Lib\site-packages\django\core\handlers\exception.py", line 55, in inner
    response = get_response(request)
  File "C:\Users\fredd\OneDrive\Desktop\Notary-AI\notaryai\venv\Lib\site-packages\django\core\handlers\base.py", line 197, in _get_response
    response = wrapped_callback(request, *callback_args, **callback_kwargs)
  File "C:\Users\fredd\OneDrive\Desktop\Notary-AI\notaryai\venv\Lib\site-packages\django\contrib\auth\decorators.py", line 59, in _view_wrapper
    return view_func(request, *args, **kwargs)
  File "C:\Users\fredd\OneDrive\Desktop\Notary-AI\notaryai\apps\workflows\views.py", line 134, in matter_detail_view
    return render(request, 'workflows/matter_detail.html', context)
  File "C:\Users\fredd\OneDrive\Desktop\Notary-AI\notaryai\venv\Lib\site-packages\django\shortcuts.py", line 25, in render
    content = loader.render_to_string(template_name, context, request, using=using)
  File "C:\Users\fredd\OneDrive\Desktop\Notary-AI\notaryai\venv\Lib\site-packages\django\template\loader.py", line 62, in render_to_string
    return template.render(context, request)
           ~~~~~~~~~~~~~~~^^^^^^^^^^^^^^^^^^
  File "C:\Users\fredd\OneDrive\Desktop\Notary-AI\notaryai\venv\Lib\site-packages\django\template\backends\django.py", line 107, in render
    return self.template.render(context)
           ~~~~~~~~~~~~~~~~~~~~^^^^^^^^^
  File "C:\Users\fredd\OneDrive\Desktop\Notary-AI\notaryai\venv\Lib\site-packages\django\template\base.py", line 171, in render
    return self._render(context)
           ~~~~~~~~~~~~^^^^^^^^^
  File "C:\Users\fredd\OneDrive\Desktop\Notary-AI\notaryai\venv\Lib\site-packages\django\template\base.py", line 163, in _render
    return self.nodelist.render(context)
           ~~~~~~~~~~~~~~~~~~~~^^^^^^^^^
  File "C:\Users\fredd\OneDrive\Desktop\Notary-AI\notaryai\venv\Lib\site-packages\django\template\base.py", line 1016, in render
    return SafeString("".join([node.render_annotated(context) for node in self]))
                               ~~~~~~~~~~~~~~~~~~~~~^^^^^^^^^
  File "C:\Users\fredd\OneDrive\Desktop\Notary-AI\notaryai\venv\Lib\site-packages\django\template\base.py", line 977, in render_annotated
    return self.render(context)
           ~~~~~~~~~~~^^^^^^^^^
  File "C:\Users\fredd\OneDrive\Desktop\Notary-AI\notaryai\venv\Lib\site-packages\django\template\loader_tags.py", line 159, in render
    return compiled_parent._render(context)
           ~~~~~~~~~~~~~~~~~~~~~~~^^^^^^^^^
  File "C:\Users\fredd\OneDrive\Desktop\Notary-AI\notaryai\venv\Lib\site-packages\django\template\base.py", line 163, in _render
    return self.nodelist.render(context)
           ~~~~~~~~~~~~~~~~~~~~^^^^^^^^^
  File "C:\Users\fredd\OneDrive\Desktop\Notary-AI\notaryai\venv\Lib\site-packages\django\template\base.py", line 1016, in render
    return SafeString("".join([node.render_annotated(context) for node in self]))
                               ~~~~~~~~~~~~~~~~~~~~~^^^^^^^^^
  File "C:\Users\fredd\OneDrive\Desktop\Notary-AI\notaryai\venv\Lib\site-packages\django\template\base.py", line 977, in render_annotated
    return self.render(context)
           ~~~~~~~~~~~^^^^^^^^^
  File "C:\Users\fredd\OneDrive\Desktop\Notary-AI\notaryai\venv\Lib\site-packages\django\template\loader_tags.py", line 65, in render
    result = block.nodelist.render(context)
  File "C:\Users\fredd\OneDrive\Desktop\Notary-AI\notaryai\venv\Lib\site-packages\django\template\base.py", line 1016, in render
    return SafeString("".join([node.render_annotated(context) for node in self]))
                               ~~~~~~~~~~~~~~~~~~~~~^^^^^^^^^
  File "C:\Users\fredd\OneDrive\Desktop\Notary-AI\notaryai\venv\Lib\site-packages\django\template\base.py", line 977, in render_annotated
    return self.render(context)
           ~~~~~~~~~~~^^^^^^^^^
  File "C:\Users\fredd\OneDrive\Desktop\Notary-AI\notaryai\venv\Lib\site-packages\django\template\defaulttags.py", line 480, in render
    url = reverse(view_name, args=args, kwargs=kwargs, current_app=current_app)
  File "C:\Users\fredd\OneDrive\Desktop\Notary-AI\notaryai\venv\Lib\site-packages\django\urls\base.py", line 98, in reverse
    resolved_url = resolver._reverse_with_prefix(view, prefix, *args, **kwargs)
  File "C:\Users\fredd\OneDrive\Desktop\Notary-AI\notaryai\venv\Lib\site-packages\django\urls\resolvers.py", line 831, in _reverse_with_prefix
    raise NoReverseMatch(msg)
django.urls.exceptions.NoReverseMatch: Reverse for 'matter_list' not found. 'matter_list' is not a valid view function or pattern name.
Not Found: /.well-known/appspecific/com.chrome.devtools.json
Internal Server Error: /workflows/matters/1/
Traceback (most recent call last):
  File "C:\Users\fredd\OneDrive\Desktop\Notary-AI\notaryai\venv\Lib\site-packages\django\core\handlers\exception.py", line 55, in inner
    response = get_response(request)
  File "C:\Users\fredd\OneDrive\Desktop\Notary-AI\notaryai\venv\Lib\site-packages\django\core\handlers\base.py", line 197, in _get_response
    response = wrapped_callback(request, *callback_args, **callback_kwargs)
  File "C:\Users\fredd\OneDrive\Desktop\Notary-AI\notaryai\venv\Lib\site-packages\django\contrib\auth\decorators.py", line 59, in _view_wrapper
    return view_func(request, *args, **kwargs)
  File "C:\Users\fredd\OneDrive\Desktop\Notary-AI\notaryai\apps\workflows\views.py", line 134, in matter_detail_view
    return render(request, 'workflows/matter_detail.html', context)
  File "C:\Users\fredd\OneDrive\Desktop\Notary-AI\notaryai\venv\Lib\site-packages\django\shortcuts.py", line 25, in render
    content = loader.render_to_string(template_name, context, request, using=using)
  File "C:\Users\fredd\OneDrive\Desktop\Notary-AI\notaryai\venv\Lib\site-packages\django\template\loader.py", line 62, in render_to_string
    return template.render(context, request)
           ~~~~~~~~~~~~~~~^^^^^^^^^^^^^^^^^^
  File "C:\Users\fredd\OneDrive\Desktop\Notary-AI\notaryai\venv\Lib\site-packages\django\template\backends\django.py", line 107, in render
    return self.template.render(context)
           ~~~~~~~~~~~~~~~~~~~~^^^^^^^^^
  File "C:\Users\fredd\OneDrive\Desktop\Notary-AI\notaryai\venv\Lib\site-packages\django\template\base.py", line 171, in render
    return self._render(context)
           ~~~~~~~~~~~~^^^^^^^^^
  File "C:\Users\fredd\OneDrive\Desktop\Notary-AI\notaryai\venv\Lib\site-packages\django\template\base.py", line 163, in _render
    return self.nodelist.render(context)
           ~~~~~~~~~~~~~~~~~~~~^^^^^^^^^
  File "C:\Users\fredd\OneDrive\Desktop\Notary-AI\notaryai\venv\Lib\site-packages\django\template\base.py", line 1016, in render
    return SafeString("".join([node.render_annotated(context) for node in self]))
                               ~~~~~~~~~~~~~~~~~~~~~^^^^^^^^^
  File "C:\Users\fredd\OneDrive\Desktop\Notary-AI\notaryai\venv\Lib\site-packages\django\template\base.py", line 977, in render_annotated
    return self.render(context)
           ~~~~~~~~~~~^^^^^^^^^
  File "C:\Users\fredd\OneDrive\Desktop\Notary-AI\notaryai\venv\Lib\site-packages\django\template\loader_tags.py", line 159, in render
    return compiled_parent._render(context)
           ~~~~~~~~~~~~~~~~~~~~~~~^^^^^^^^^
  File "C:\Users\fredd\OneDrive\Desktop\Notary-AI\notaryai\venv\Lib\site-packages\django\template\base.py", line 163, in _render
    return self.nodelist.render(context)
           ~~~~~~~~~~~~~~~~~~~~^^^^^^^^^
  File "C:\Users\fredd\OneDrive\Desktop\Notary-AI\notaryai\venv\Lib\site-packages\django\template\base.py", line 1016, in render
    return SafeString("".join([node.render_annotated(context) for node in self]))
                               ~~~~~~~~~~~~~~~~~~~~~^^^^^^^^^
  File "C:\Users\fredd\OneDrive\Desktop\Notary-AI\notaryai\venv\Lib\site-packages\django\template\base.py", line 977, in render_annotated
    return self.render(context)
           ~~~~~~~~~~~^^^^^^^^^
  File "C:\Users\fredd\OneDrive\Desktop\Notary-AI\notaryai\venv\Lib\site-packages\django\template\loader_tags.py", line 65, in render
    result = block.nodelist.render(context)
  File "C:\Users\fredd\OneDrive\Desktop\Notary-AI\notaryai\venv\Lib\site-packages\django\template\base.py", line 1016, in render
    return SafeString("".join([node.render_annotated(context) for node in self]))
                               ~~~~~~~~~~~~~~~~~~~~~^^^^^^^^^
  File "C:\Users\fredd\OneDrive\Desktop\Notary-AI\notaryai\venv\Lib\site-packages\django\template\base.py", line 977, in render_annotated
    return self.render(context)
           ~~~~~~~~~~~^^^^^^^^^
  File "C:\Users\fredd\OneDrive\Desktop\Notary-AI\notaryai\venv\Lib\site-packages\django\template\defaulttags.py", line 327, in render
    return nodelist.render(context)
           ~~~~~~~~~~~~~~~^^^^^^^^^
  File "C:\Users\fredd\OneDrive\Desktop\Notary-AI\notaryai\venv\Lib\site-packages\django\template\base.py", line 1016, in render
    return SafeString("".join([node.render_annotated(context) for node in self]))
                               ~~~~~~~~~~~~~~~~~~~~~^^^^^^^^^
  File "C:\Users\fredd\OneDrive\Desktop\Notary-AI\notaryai\venv\Lib\site-packages\django\template\base.py", line 977, in render_annotated
    return self.render(context)
           ~~~~~~~~~~~^^^^^^^^^
  File "C:\Users\fredd\OneDrive\Desktop\Notary-AI\notaryai\venv\Lib\site-packages\django\template\defaulttags.py", line 480, in render
    url = reverse(view_name, args=args, kwargs=kwargs, current_app=current_app)
  File "C:\Users\fredd\OneDrive\Desktop\Notary-AI\notaryai\venv\Lib\site-packages\django\urls\base.py", line 98, in reverse
    resolved_url = resolver._reverse_with_prefix(view, prefix, *args, **kwargs)
  File "C:\Users\fredd\OneDrive\Desktop\Notary-AI\notaryai\venv\Lib\site-packages\django\urls\resolvers.py", line 831, in _reverse_with_prefix
    raise NoReverseMatch(msg)
django.urls.exceptions.NoReverseMatch: Reverse for 'workflow_create' not found. 'workflow_create' is not a valid view function or pattern name.
Not Found: /.well-known/appspecific/com.chrome.devtools.json
Internal Server Error: /workflows/matters/1/
Traceback (most recent call last):
  File "C:\Users\fredd\OneDrive\Desktop\Notary-AI\notaryai\venv\Lib\site-packages\django\core\handlers\exception.py", line 55, in inner
    response = get_response(request)
  File "C:\Users\fredd\OneDrive\Desktop\Notary-AI\notaryai\venv\Lib\site-packages\django\core\handlers\base.py", line 197, in _get_response
    response = wrapped_callback(request, *callback_args, **callback_kwargs)
  File "C:\Users\fredd\OneDrive\Desktop\Notary-AI\notaryai\venv\Lib\site-packages\django\contrib\auth\decorators.py", line 59, in _view_wrapper
    return view_func(request, *args, **kwargs)
  File "C:\Users\fredd\OneDrive\Desktop\Notary-AI\notaryai\apps\workflows\views.py", line 134, in matter_detail_view
    return render(request, 'workflows/matter_detail.html', context)
  File "C:\Users\fredd\OneDrive\Desktop\Notary-AI\notaryai\venv\Lib\site-packages\django\shortcuts.py", line 25, in render
    content = loader.render_to_string(template_name, context, request, using=using)
  File "C:\Users\fredd\OneDrive\Desktop\Notary-AI\notaryai\venv\Lib\site-packages\django\template\loader.py", line 62, in render_to_string
    return template.render(context, request)
           ~~~~~~~~~~~~~~~^^^^^^^^^^^^^^^^^^
  File "C:\Users\fredd\OneDrive\Desktop\Notary-AI\notaryai\venv\Lib\site-packages\django\template\backends\django.py", line 107, in render
    return self.template.render(context)
           ~~~~~~~~~~~~~~~~~~~~^^^^^^^^^
  File "C:\Users\fredd\OneDrive\Desktop\Notary-AI\notaryai\venv\Lib\site-packages\django\template\base.py", line 171, in render
    return self._render(context)
           ~~~~~~~~~~~~^^^^^^^^^
  File "C:\Users\fredd\OneDrive\Desktop\Notary-AI\notaryai\venv\Lib\site-packages\django\template\base.py", line 163, in _render
    return self.nodelist.render(context)
           ~~~~~~~~~~~~~~~~~~~~^^^^^^^^^
  File "C:\Users\fredd\OneDrive\Desktop\Notary-AI\notaryai\venv\Lib\site-packages\django\template\base.py", line 1016, in render
    return SafeString("".join([node.render_annotated(context) for node in self]))
                               ~~~~~~~~~~~~~~~~~~~~~^^^^^^^^^
  File "C:\Users\fredd\OneDrive\Desktop\Notary-AI\notaryai\venv\Lib\site-packages\django\template\base.py", line 977, in render_annotated
    return self.render(context)
           ~~~~~~~~~~~^^^^^^^^^
  File "C:\Users\fredd\OneDrive\Desktop\Notary-AI\notaryai\venv\Lib\site-packages\django\template\loader_tags.py", line 159, in render
    return compiled_parent._render(context)
           ~~~~~~~~~~~~~~~~~~~~~~~^^^^^^^^^
  File "C:\Users\fredd\OneDrive\Desktop\Notary-AI\notaryai\venv\Lib\site-packages\django\template\base.py", line 163, in _render
    return self.nodelist.render(context)
           ~~~~~~~~~~~~~~~~~~~~^^^^^^^^^
  File "C:\Users\fredd\OneDrive\Desktop\Notary-AI\notaryai\venv\Lib\site-packages\django\template\base.py", line 1016, in render
    return SafeString("".join([node.render_annotated(context) for node in self]))
                               ~~~~~~~~~~~~~~~~~~~~~^^^^^^^^^
  File "C:\Users\fredd\OneDrive\Desktop\Notary-AI\notaryai\venv\Lib\site-packages\django\template\base.py", line 977, in render_annotated
    return self.render(context)
           ~~~~~~~~~~~^^^^^^^^^
  File "C:\Users\fredd\OneDrive\Desktop\Notary-AI\notaryai\venv\Lib\site-packages\django\template\loader_tags.py", line 65, in render
    result = block.nodelist.render(context)
  File "C:\Users\fredd\OneDrive\Desktop\Notary-AI\notaryai\venv\Lib\site-packages\django\template\base.py", line 1016, in render
    return SafeString("".join([node.render_annotated(context) for node in self]))
                               ~~~~~~~~~~~~~~~~~~~~~^^^^^^^^^
  File "C:\Users\fredd\OneDrive\Desktop\Notary-AI\notaryai\venv\Lib\site-packages\django\template\base.py", line 977, in render_annotated
    return self.render(context)
           ~~~~~~~~~~~^^^^^^^^^
  File "C:\Users\fredd\OneDrive\Desktop\Notary-AI\notaryai\venv\Lib\site-packages\django\template\defaulttags.py", line 480, in render
    url = reverse(view_name, args=args, kwargs=kwargs, current_app=current_app)
  File "C:\Users\fredd\OneDrive\Desktop\Notary-AI\notaryai\venv\Lib\site-packages\django\urls\base.py", line 98, in reverse
    resolved_url = resolver._reverse_with_prefix(view, prefix, *args, **kwargs)
  File "C:\Users\fredd\OneDrive\Desktop\Notary-AI\notaryai\venv\Lib\site-packages\django\urls\resolvers.py", line 831, in _reverse_with_prefix
    raise NoReverseMatch(msg)
django.urls.exceptions.NoReverseMatch: Reverse for 'document_upload_for_matter' not found. 'document_upload_for_matter' is not a valid view function or pattern name.
Not Found: /.well-known/appspecific/com.chrome.devtools.json
C:\Users\fredd\OneDrive\Desktop\Notary-AI\notaryai\apps\workflows\urls.py changed, reloading.
Watching for file changes with StatReloader
C:\Users\fredd\OneDrive\Desktop\Notary-AI\notaryai\apps\documents\models.py changed, reloading.
Watching for file changes with StatReloader
C:\Users\fredd\OneDrive\Desktop\Notary-AI\notaryai\apps\documents\models.py changed, reloading.
Watching for file changes with StatReloader
C:\Users\fredd\OneDrive\Desktop\Notary-AI\notaryai\apps\documents\urls.py changed, reloading.
Watching for file changes with StatReloader
C:\Users\fredd\OneDrive\Desktop\Notary-AI\notaryai\apps\documents\views.py changed, reloading.
Watching for file changes with StatReloader
C:\Users\fredd\OneDrive\Desktop\Notary-AI\notaryai\apps\workflows\views.py changed, reloading.
Watching for file changes with StatReloader
C:\Users\fredd\OneDrive\Desktop\Notary-AI\notaryai\apps\documents\views.py changed, reloading.
Watching for file changes with StatReloader
C:\Users\fredd\OneDrive\Desktop\Notary-AI\notaryai\apps\workflows\views.py changed, reloading.
Watching for file changes with StatReloader
C:\Users\fredd\OneDrive\Desktop\Notary-AI\notaryai\apps\workflows\urls.py changed, reloading.
Watching for file changes with StatReloader
Watching for file changes with StatReloader
Internal Server Error: /workflows/matters/1/
Traceback (most recent call last):
  File "C:\Users\fredd\OneDrive\Desktop\Notary-AI\notaryai\venv\Lib\site-packages\django\core\handlers\exception.py", line 55, in inner
    response = get_response(request)
  File "C:\Users\fredd\OneDrive\Desktop\Notary-AI\notaryai\venv\Lib\site-packages\django\core\handlers\base.py", line 197, in _get_response
    response = wrapped_callback(request, *callback_args, **callback_kwargs)
  File "C:\Users\fredd\OneDrive\Desktop\Notary-AI\notaryai\apps\workflows\views.py", line 126, in matter_detail_view
    'documents': matter.documents.all().order_by('-upload_date')
                 ^^^^^^^^^^^^^^^^
AttributeError: 'Matter' object has no attribute 'documents'. Did you mean: 'document_set'?
Not Found: /.well-known/appspecific/com.chrome.devtools.json
C:\Users\fredd\OneDrive\Desktop\Notary-AI\notaryai\apps\documents\models.py changed, reloading.
Watching for file changes with StatReloader
Watching for file changes with StatReloader
Internal Server Error: /workflows/matters/1/
Traceback (most recent call last):
  File "C:\Users\fredd\OneDrive\Desktop\Notary-AI\notaryai\venv\Lib\site-packages\django\core\handlers\exception.py", line 55, in inner
    response = get_response(request)
  File "C:\Users\fredd\OneDrive\Desktop\Notary-AI\notaryai\venv\Lib\site-packages\django\core\handlers\base.py", line 197, in _get_response
    response = wrapped_callback(request, *callback_args, **callback_kwargs)
  File "C:\Users\fredd\OneDrive\Desktop\Notary-AI\notaryai\apps\workflows\views.py", line 126, in matter_detail_view
    'documents': matter.documents.all().order_by('-upload_date')
                 ^^^^^^^^^^^^^^^^
AttributeError: 'Matter' object has no attribute 'documents'. Did you mean: 'document_set'?
Not Found: /.well-known/appspecific/com.chrome.devtools.json
C:\Users\fredd\OneDrive\Desktop\Notary-AI\notaryai\apps\workflows\models.py changed, reloading.
Watching for file changes with StatReloader
C:\Users\fredd\OneDrive\Desktop\Notary-AI\notaryai\apps\documents\urls.py changed, reloading.
Watching for file changes with StatReloader
C:\Users\fredd\OneDrive\Desktop\Notary-AI\notaryai\apps\documents\urls.py changed, reloading.
Watching for file changes with StatReloader
C:\Users\fredd\OneDrive\Desktop\Notary-AI\notaryai\apps\documents\urls.py changed, reloading.
Watching for file changes with StatReloader
C:\Users\fredd\OneDrive\Desktop\Notary-AI\notaryai\apps\documents\views.py changed, reloading.
Watching for file changes with StatReloader
Watching for file changes with StatReloader
Internal Server Error: /workflows/matters/1/
Traceback (most recent call last):
  File "C:\Users\fredd\OneDrive\Desktop\Notary-AI\notaryai\venv\Lib\site-packages\django\core\handlers\exception.py", line 55, in inner
    response = get_response(request)
  File "C:\Users\fredd\OneDrive\Desktop\Notary-AI\notaryai\venv\Lib\site-packages\django\core\handlers\base.py", line 197, in _get_response
    response = wrapped_callback(request, *callback_args, **callback_kwargs)
  File "C:\Users\fredd\OneDrive\Desktop\Notary-AI\notaryai\apps\workflows\views.py", line 126, in matter_detail_view
    'documents': matter.documents.all().order_by('-upload_date')
                 ^^^^^^^^^^^^^^^^
AttributeError: 'Matter' object has no attribute 'documents'. Did you mean: 'document_set'?
Not Found: /.well-known/appspecific/com.chrome.devtools.json
Entering matter_create_view
Rendering GET request for matter creation form
Internal Server Error: /workflows/matters/create/
Traceback (most recent call last):
  File "C:\Users\fredd\OneDrive\Desktop\Notary-AI\notaryai\venv\Lib\site-packages\django\core\handlers\exception.py", line 55, in inner
    response = get_response(request)
  File "C:\Users\fredd\OneDrive\Desktop\Notary-AI\notaryai\venv\Lib\site-packages\django\core\handlers\base.py", line 197, in _get_response
    response = wrapped_callback(request, *callback_args, **callback_kwargs)
  File "C:\Users\fredd\OneDrive\Desktop\Notary-AI\notaryai\venv\Lib\site-packages\django\contrib\auth\decorators.py", line 59, in _view_wrapper
    return view_func(request, *args, **kwargs)
  File "C:\Users\fredd\OneDrive\Desktop\Notary-AI\notaryai\apps\workflows\views.py", line 103, in matter_create_view
    return render(request, 'workflows/matter_form.html', context)
  File "C:\Users\fredd\OneDrive\Desktop\Notary-AI\notaryai\venv\Lib\site-packages\django\shortcuts.py", line 25, in render
    content = loader.render_to_string(template_name, context, request, using=using)
  File "C:\Users\fredd\OneDrive\Desktop\Notary-AI\notaryai\venv\Lib\site-packages\django\template\loader.py", line 62, in render_to_string
    return template.render(context, request)
           ~~~~~~~~~~~~~~~^^^^^^^^^^^^^^^^^^
  File "C:\Users\fredd\OneDrive\Desktop\Notary-AI\notaryai\venv\Lib\site-packages\django\template\backends\django.py", line 107, in render
    return self.template.render(context)
           ~~~~~~~~~~~~~~~~~~~~^^^^^^^^^
  File "C:\Users\fredd\OneDrive\Desktop\Notary-AI\notaryai\venv\Lib\site-packages\django\template\base.py", line 171, in render
    return self._render(context)
           ~~~~~~~~~~~~^^^^^^^^^
  File "C:\Users\fredd\OneDrive\Desktop\Notary-AI\notaryai\venv\Lib\site-packages\django\template\base.py", line 163, in _render
    return self.nodelist.render(context)
           ~~~~~~~~~~~~~~~~~~~~^^^^^^^^^
  File "C:\Users\fredd\OneDrive\Desktop\Notary-AI\notaryai\venv\Lib\site-packages\django\template\base.py", line 1016, in render
    return SafeString("".join([node.render_annotated(context) for node in self]))
                               ~~~~~~~~~~~~~~~~~~~~~^^^^^^^^^
  File "C:\Users\fredd\OneDrive\Desktop\Notary-AI\notaryai\venv\Lib\site-packages\django\template\base.py", line 977, in render_annotated
    return self.render(context)
           ~~~~~~~~~~~^^^^^^^^^
  File "C:\Users\fredd\OneDrive\Desktop\Notary-AI\notaryai\venv\Lib\site-packages\django\template\loader_tags.py", line 159, in render
    return compiled_parent._render(context)
           ~~~~~~~~~~~~~~~~~~~~~~~^^^^^^^^^
  File "C:\Users\fredd\OneDrive\Desktop\Notary-AI\notaryai\venv\Lib\site-packages\django\template\base.py", line 163, in _render
    return self.nodelist.render(context)
           ~~~~~~~~~~~~~~~~~~~~^^^^^^^^^
  File "C:\Users\fredd\OneDrive\Desktop\Notary-AI\notaryai\venv\Lib\site-packages\django\template\base.py", line 1016, in render
    return SafeString("".join([node.render_annotated(context) for node in self]))
                               ~~~~~~~~~~~~~~~~~~~~~^^^^^^^^^
  File "C:\Users\fredd\OneDrive\Desktop\Notary-AI\notaryai\venv\Lib\site-packages\django\template\base.py", line 977, in render_annotated
    return self.render(context)
           ~~~~~~~~~~~^^^^^^^^^
  File "C:\Users\fredd\OneDrive\Desktop\Notary-AI\notaryai\venv\Lib\site-packages\django\template\loader_tags.py", line 210, in render
    return template.render(context)
           ~~~~~~~~~~~~~~~^^^^^^^^^
  File "C:\Users\fredd\OneDrive\Desktop\Notary-AI\notaryai\venv\Lib\site-packages\django\template\base.py", line 173, in render
    return self._render(context)
           ~~~~~~~~~~~~^^^^^^^^^
  File "C:\Users\fredd\OneDrive\Desktop\Notary-AI\notaryai\venv\Lib\site-packages\django\template\base.py", line 163, in _render
    return self.nodelist.render(context)
           ~~~~~~~~~~~~~~~~~~~~^^^^^^^^^
  File "C:\Users\fredd\OneDrive\Desktop\Notary-AI\notaryai\venv\Lib\site-packages\django\template\base.py", line 1016, in render
    return SafeString("".join([node.render_annotated(context) for node in self]))
                               ~~~~~~~~~~~~~~~~~~~~~^^^^^^^^^
  File "C:\Users\fredd\OneDrive\Desktop\Notary-AI\notaryai\venv\Lib\site-packages\django\template\base.py", line 977, in render_annotated
    return self.render(context)
           ~~~~~~~~~~~^^^^^^^^^
  File "C:\Users\fredd\OneDrive\Desktop\Notary-AI\notaryai\venv\Lib\site-packages\django\template\defaulttags.py", line 327, in render
    return nodelist.render(context)
           ~~~~~~~~~~~~~~~^^^^^^^^^
  File "C:\Users\fredd\OneDrive\Desktop\Notary-AI\notaryai\venv\Lib\site-packages\django\template\base.py", line 1016, in render
    return SafeString("".join([node.render_annotated(context) for node in self]))
                               ~~~~~~~~~~~~~~~~~~~~~^^^^^^^^^
  File "C:\Users\fredd\OneDrive\Desktop\Notary-AI\notaryai\venv\Lib\site-packages\django\template\base.py", line 977, in render_annotated
    return self.render(context)
           ~~~~~~~~~~~^^^^^^^^^
  File "C:\Users\fredd\OneDrive\Desktop\Notary-AI\notaryai\venv\Lib\site-packages\django\template\defaulttags.py", line 480, in render
    url = reverse(view_name, args=args, kwargs=kwargs, current_app=current_app)
  File "C:\Users\fredd\OneDrive\Desktop\Notary-AI\notaryai\venv\Lib\site-packages\django\urls\base.py", line 98, in reverse
    resolved_url = resolver._reverse_with_prefix(view, prefix, *args, **kwargs)
  File "C:\Users\fredd\OneDrive\Desktop\Notary-AI\notaryai\venv\Lib\site-packages\django\urls\resolvers.py", line 831, in _reverse_with_prefix
    raise NoReverseMatch(msg)
django.urls.exceptions.NoReverseMatch: Reverse for 'document_list' not found. 'document_list' is not a valid view function or pattern name.
Not Found: /.well-known/appspecific/com.chrome.devtools.json
Entering matter_create_view
Rendering GET request for matter creation form
Internal Server Error: /workflows/matters/create/
Traceback (most recent call last):
  File "C:\Users\fredd\OneDrive\Desktop\Notary-AI\notaryai\venv\Lib\site-packages\django\core\handlers\exception.py", line 55, in inner
    response = get_response(request)
  File "C:\Users\fredd\OneDrive\Desktop\Notary-AI\notaryai\venv\Lib\site-packages\django\core\handlers\base.py", line 197, in _get_response
    response = wrapped_callback(request, *callback_args, **callback_kwargs)
  File "C:\Users\fredd\OneDrive\Desktop\Notary-AI\notaryai\venv\Lib\site-packages\django\contrib\auth\decorators.py", line 59, in _view_wrapper
    return view_func(request, *args, **kwargs)
  File "C:\Users\fredd\OneDrive\Desktop\Notary-AI\notaryai\apps\workflows\views.py", line 103, in matter_create_view
    return render(request, 'workflows/matter_form.html', context)
  File "C:\Users\fredd\OneDrive\Desktop\Notary-AI\notaryai\venv\Lib\site-packages\django\shortcuts.py", line 25, in render
    content = loader.render_to_string(template_name, context, request, using=using)
  File "C:\Users\fredd\OneDrive\Desktop\Notary-AI\notaryai\venv\Lib\site-packages\django\template\loader.py", line 62, in render_to_string
    return template.render(context, request)
           ~~~~~~~~~~~~~~~^^^^^^^^^^^^^^^^^^
  File "C:\Users\fredd\OneDrive\Desktop\Notary-AI\notaryai\venv\Lib\site-packages\django\template\backends\django.py", line 107, in render
    return self.template.render(context)
           ~~~~~~~~~~~~~~~~~~~~^^^^^^^^^
  File "C:\Users\fredd\OneDrive\Desktop\Notary-AI\notaryai\venv\Lib\site-packages\django\template\base.py", line 171, in render
    return self._render(context)
           ~~~~~~~~~~~~^^^^^^^^^
  File "C:\Users\fredd\OneDrive\Desktop\Notary-AI\notaryai\venv\Lib\site-packages\django\template\base.py", line 163, in _render
    return self.nodelist.render(context)
           ~~~~~~~~~~~~~~~~~~~~^^^^^^^^^
  File "C:\Users\fredd\OneDrive\Desktop\Notary-AI\notaryai\venv\Lib\site-packages\django\template\base.py", line 1016, in render
    return SafeString("".join([node.render_annotated(context) for node in self]))
                               ~~~~~~~~~~~~~~~~~~~~~^^^^^^^^^
  File "C:\Users\fredd\OneDrive\Desktop\Notary-AI\notaryai\venv\Lib\site-packages\django\template\base.py", line 977, in render_annotated
    return self.render(context)
           ~~~~~~~~~~~^^^^^^^^^
  File "C:\Users\fredd\OneDrive\Desktop\Notary-AI\notaryai\venv\Lib\site-packages\django\template\loader_tags.py", line 159, in render
    return compiled_parent._render(context)
           ~~~~~~~~~~~~~~~~~~~~~~~^^^^^^^^^
  File "C:\Users\fredd\OneDrive\Desktop\Notary-AI\notaryai\venv\Lib\site-packages\django\template\base.py", line 163, in _render
    return self.nodelist.render(context)
           ~~~~~~~~~~~~~~~~~~~~^^^^^^^^^
  File "C:\Users\fredd\OneDrive\Desktop\Notary-AI\notaryai\venv\Lib\site-packages\django\template\base.py", line 1016, in render
    return SafeString("".join([node.render_annotated(context) for node in self]))
                               ~~~~~~~~~~~~~~~~~~~~~^^^^^^^^^
  File "C:\Users\fredd\OneDrive\Desktop\Notary-AI\notaryai\venv\Lib\site-packages\django\template\base.py", line 977, in render_annotated
    return self.render(context)
           ~~~~~~~~~~~^^^^^^^^^
  File "C:\Users\fredd\OneDrive\Desktop\Notary-AI\notaryai\venv\Lib\site-packages\django\template\loader_tags.py", line 210, in render
    return template.render(context)
           ~~~~~~~~~~~~~~~^^^^^^^^^
  File "C:\Users\fredd\OneDrive\Desktop\Notary-AI\notaryai\venv\Lib\site-packages\django\template\base.py", line 173, in render
    return self._render(context)
           ~~~~~~~~~~~~^^^^^^^^^
  File "C:\Users\fredd\OneDrive\Desktop\Notary-AI\notaryai\venv\Lib\site-packages\django\template\base.py", line 163, in _render
    return self.nodelist.render(context)
           ~~~~~~~~~~~~~~~~~~~~^^^^^^^^^
  File "C:\Users\fredd\OneDrive\Desktop\Notary-AI\notaryai\venv\Lib\site-packages\django\template\base.py", line 1016, in render
    return SafeString("".join([node.render_annotated(context) for node in self]))
                               ~~~~~~~~~~~~~~~~~~~~~^^^^^^^^^
  File "C:\Users\fredd\OneDrive\Desktop\Notary-AI\notaryai\venv\Lib\site-packages\django\template\base.py", line 977, in render_annotated
    return self.render(context)
           ~~~~~~~~~~~^^^^^^^^^
  File "C:\Users\fredd\OneDrive\Desktop\Notary-AI\notaryai\venv\Lib\site-packages\django\template\defaulttags.py", line 327, in render
    return nodelist.render(context)
           ~~~~~~~~~~~~~~~^^^^^^^^^
  File "C:\Users\fredd\OneDrive\Desktop\Notary-AI\notaryai\venv\Lib\site-packages\django\template\base.py", line 1016, in render
    return SafeString("".join([node.render_annotated(context) for node in self]))
                               ~~~~~~~~~~~~~~~~~~~~~^^^^^^^^^
  File "C:\Users\fredd\OneDrive\Desktop\Notary-AI\notaryai\venv\Lib\site-packages\django\template\base.py", line 977, in render_annotated
    return self.render(context)
           ~~~~~~~~~~~^^^^^^^^^
  File "C:\Users\fredd\OneDrive\Desktop\Notary-AI\notaryai\venv\Lib\site-packages\django\template\defaulttags.py", line 480, in render
    url = reverse(view_name, args=args, kwargs=kwargs, current_app=current_app)
  File "C:\Users\fredd\OneDrive\Desktop\Notary-AI\notaryai\venv\Lib\site-packages\django\urls\base.py", line 98, in reverse
    resolved_url = resolver._reverse_with_prefix(view, prefix, *args, **kwargs)
  File "C:\Users\fredd\OneDrive\Desktop\Notary-AI\notaryai\venv\Lib\site-packages\django\urls\resolvers.py", line 831, in _reverse_with_prefix
    raise NoReverseMatch(msg)
django.urls.exceptions.NoReverseMatch: Reverse for 'document_list' not found. 'document_list' is not a valid view function or pattern name.
Not Found: /.well-known/appspecific/com.chrome.devtools.json
Not Found: /.well-known/appspecific/com.chrome.devtools.json
Entering matter_create_view
Rendering GET request for matter creation form
Internal Server Error: /workflows/matters/create/
Traceback (most recent call last):
  File "C:\Users\fredd\OneDrive\Desktop\Notary-AI\notaryai\venv\Lib\site-packages\django\core\handlers\exception.py", line 55, in inner
    response = get_response(request)
  File "C:\Users\fredd\OneDrive\Desktop\Notary-AI\notaryai\venv\Lib\site-packages\django\core\handlers\base.py", line 197, in _get_response
    response = wrapped_callback(request, *callback_args, **callback_kwargs)
  File "C:\Users\fredd\OneDrive\Desktop\Notary-AI\notaryai\venv\Lib\site-packages\django\contrib\auth\decorators.py", line 59, in _view_wrapper
    return view_func(request, *args, **kwargs)
  File "C:\Users\fredd\OneDrive\Desktop\Notary-AI\notaryai\apps\workflows\views.py", line 103, in matter_create_view
    return render(request, 'workflows/matter_form.html', context)
  File "C:\Users\fredd\OneDrive\Desktop\Notary-AI\notaryai\venv\Lib\site-packages\django\shortcuts.py", line 25, in render
    content = loader.render_to_string(template_name, context, request, using=using)
  File "C:\Users\fredd\OneDrive\Desktop\Notary-AI\notaryai\venv\Lib\site-packages\django\template\loader.py", line 62, in render_to_string
    return template.render(context, request)
           ~~~~~~~~~~~~~~~^^^^^^^^^^^^^^^^^^
  File "C:\Users\fredd\OneDrive\Desktop\Notary-AI\notaryai\venv\Lib\site-packages\django\template\backends\django.py", line 107, in render
    return self.template.render(context)
           ~~~~~~~~~~~~~~~~~~~~^^^^^^^^^
  File "C:\Users\fredd\OneDrive\Desktop\Notary-AI\notaryai\venv\Lib\site-packages\django\template\base.py", line 171, in render
    return self._render(context)
           ~~~~~~~~~~~~^^^^^^^^^
  File "C:\Users\fredd\OneDrive\Desktop\Notary-AI\notaryai\venv\Lib\site-packages\django\template\base.py", line 163, in _render
    return self.nodelist.render(context)
           ~~~~~~~~~~~~~~~~~~~~^^^^^^^^^
  File "C:\Users\fredd\OneDrive\Desktop\Notary-AI\notaryai\venv\Lib\site-packages\django\template\base.py", line 1016, in render
    return SafeString("".join([node.render_annotated(context) for node in self]))
                               ~~~~~~~~~~~~~~~~~~~~~^^^^^^^^^
  File "C:\Users\fredd\OneDrive\Desktop\Notary-AI\notaryai\venv\Lib\site-packages\django\template\base.py", line 977, in render_annotated
    return self.render(context)
           ~~~~~~~~~~~^^^^^^^^^
  File "C:\Users\fredd\OneDrive\Desktop\Notary-AI\notaryai\venv\Lib\site-packages\django\template\loader_tags.py", line 159, in render
    return compiled_parent._render(context)
           ~~~~~~~~~~~~~~~~~~~~~~~^^^^^^^^^
  File "C:\Users\fredd\OneDrive\Desktop\Notary-AI\notaryai\venv\Lib\site-packages\django\template\base.py", line 163, in _render
    return self.nodelist.render(context)
           ~~~~~~~~~~~~~~~~~~~~^^^^^^^^^
  File "C:\Users\fredd\OneDrive\Desktop\Notary-AI\notaryai\venv\Lib\site-packages\django\template\base.py", line 1016, in render
    return SafeString("".join([node.render_annotated(context) for node in self]))
                               ~~~~~~~~~~~~~~~~~~~~~^^^^^^^^^
  File "C:\Users\fredd\OneDrive\Desktop\Notary-AI\notaryai\venv\Lib\site-packages\django\template\base.py", line 977, in render_annotated
    return self.render(context)
           ~~~~~~~~~~~^^^^^^^^^
  File "C:\Users\fredd\OneDrive\Desktop\Notary-AI\notaryai\venv\Lib\site-packages\django\template\loader_tags.py", line 210, in render
    return template.render(context)
           ~~~~~~~~~~~~~~~^^^^^^^^^
  File "C:\Users\fredd\OneDrive\Desktop\Notary-AI\notaryai\venv\Lib\site-packages\django\template\base.py", line 173, in render
    return self._render(context)
           ~~~~~~~~~~~~^^^^^^^^^
  File "C:\Users\fredd\OneDrive\Desktop\Notary-AI\notaryai\venv\Lib\site-packages\django\template\base.py", line 163, in _render
    return self.nodelist.render(context)
           ~~~~~~~~~~~~~~~~~~~~^^^^^^^^^
  File "C:\Users\fredd\OneDrive\Desktop\Notary-AI\notaryai\venv\Lib\site-packages\django\template\base.py", line 1016, in render
    return SafeString("".join([node.render_annotated(context) for node in self]))
                               ~~~~~~~~~~~~~~~~~~~~~^^^^^^^^^
  File "C:\Users\fredd\OneDrive\Desktop\Notary-AI\notaryai\venv\Lib\site-packages\django\template\base.py", line 977, in render_annotated
    return self.render(context)
           ~~~~~~~~~~~^^^^^^^^^
  File "C:\Users\fredd\OneDrive\Desktop\Notary-AI\notaryai\venv\Lib\site-packages\django\template\defaulttags.py", line 327, in render
    return nodelist.render(context)
           ~~~~~~~~~~~~~~~^^^^^^^^^
  File "C:\Users\fredd\OneDrive\Desktop\Notary-AI\notaryai\venv\Lib\site-packages\django\template\base.py", line 1016, in render
    return SafeString("".join([node.render_annotated(context) for node in self]))
                               ~~~~~~~~~~~~~~~~~~~~~^^^^^^^^^
  File "C:\Users\fredd\OneDrive\Desktop\Notary-AI\notaryai\venv\Lib\site-packages\django\template\base.py", line 977, in render_annotated
    return self.render(context)
           ~~~~~~~~~~~^^^^^^^^^
  File "C:\Users\fredd\OneDrive\Desktop\Notary-AI\notaryai\venv\Lib\site-packages\django\template\defaulttags.py", line 480, in render
    url = reverse(view_name, args=args, kwargs=kwargs, current_app=current_app)
  File "C:\Users\fredd\OneDrive\Desktop\Notary-AI\notaryai\venv\Lib\site-packages\django\urls\base.py", line 98, in reverse
    resolved_url = resolver._reverse_with_prefix(view, prefix, *args, **kwargs)
  File "C:\Users\fredd\OneDrive\Desktop\Notary-AI\notaryai\venv\Lib\site-packages\django\urls\resolvers.py", line 831, in _reverse_with_prefix
    raise NoReverseMatch(msg)
django.urls.exceptions.NoReverseMatch: Reverse for 'document_list' not found. 'document_list' is not a valid view function or pattern name.
Not Found: /.well-known/appspecific/com.chrome.devtools.json
